[daily] target_date = 2026-05-28
[daily] verify-all-replay FAILED rc=1:
  ❌ 2026-05-20  current=sha256:50eb30493f787... replay=sha256:6573f93c80ddc...
  ❌ 2026-05-21  current=sha256:7892e9f58823c... replay=sha256:c0f1d8d04d87e...
  ❌ 2026-05-22  current=sha256:15ad0d6001fa3... replay=sha256:1c47f28d9ba8c...
  ❌ 2026-05-25  current=sha256:cfb64944485eb... replay=sha256:a1e57253daeeb...
  ❌ 2026-05-26  current=sha256:1e3e701f98531... replay=sha256:296b4817c0511...
  ✅ 2026-05-27  sha256:efcb8980f2cac...
  ✅ 2026-05-28  sha256:9998a63b10b10...

[verify-all] 2/13 dates replay-clean; 11 mismatch(es)
  - 2026-05-08: current=sha256:083e61926e310... replay=sha256:a247a78f81f01...
  - 2026-05-13: current=sha256:f0a49c4a33b3f... replay=sha256:339023efee754...
  - 2026-05-14: current=sha256:5ab82de8c4c6e... replay=sha256:aaee62a23a41f...
  - 2026-05-15: current=sha256:7a7320bd0384c... replay=sha256:9408855bdfe15...
  - 2026-05-17: current=sha256:20c6167e71523... replay=sha256:e84274b44b5fd...
  - 2026-05-18: current=sha256:e76c66cfd08d4... replay=sha256:fe1ae190fa08c...
  - 2026-05-20: current=sha256:50eb30493f787... replay=sha256:6573f93c80ddc...
  - 2026-05-21: current=sha256:7892e9f58823c... replay=sha256:c0f1d8d04d87e...
  - 2026-05-22: current=sha256:15ad0d6001fa3... replay=sha256:1c47f28d9ba8c...
  - 2026-05-25: current=sha256:cfb64944485eb... replay=sha256:a1e57253daeeb...
  - 2026-05-26: current=sha256:1e3e701f98531... replay=sha256:296b4817c0511...
[daily] target_date = 2026-05-29
[daily] verify-all-replay FAILED rc=1:
  ❌ 2026-05-21  current=sha256:7892e9f58823c... replay=sha256:c0f1d8d04d87e...
  ❌ 2026-05-22  current=sha256:15ad0d6001fa3... replay=sha256:1c47f28d9ba8c...
  ❌ 2026-05-25  current=sha256:cfb64944485eb... replay=sha256:a1e57253daeeb...
  ❌ 2026-05-26  current=sha256:1e3e701f98531... replay=sha256:296b4817c0511...
  ✅ 2026-05-27  sha256:efcb8980f2cac...
  ✅ 2026-05-28  sha256:9998a63b10b10...
  ✅ 2026-05-29  sha256:984cb221258f0...

[verify-all] 3/14 dates replay-clean; 11 mismatch(es)
  - 2026-05-08: current=sha256:083e61926e310... replay=sha256:a247a78f81f01...
  - 2026-05-13: current=sha256:f0a49c4a33b3f... replay=sha256:339023efee754...
  - 2026-05-14: current=sha256:5ab82de8c4c6e... replay=sha256:aaee62a23a41f...
  - 2026-05-15: current=sha256:7a7320bd0384c... replay=sha256:9408855bdfe15...
  - 2026-05-17: current=sha256:20c6167e71523... replay=sha256:e84274b44b5fd...
  - 2026-05-18: current=sha256:e76c66cfd08d4... replay=sha256:fe1ae190fa08c...
  - 2026-05-20: current=sha256:50eb30493f787... replay=sha256:6573f93c80ddc...
  - 2026-05-21: current=sha256:7892e9f58823c... replay=sha256:c0f1d8d04d87e...
  - 2026-05-22: current=sha256:15ad0d6001fa3... replay=sha256:1c47f28d9ba8c...
  - 2026-05-25: current=sha256:cfb64944485eb... replay=sha256:a1e57253daeeb...
  - 2026-05-26: current=sha256:1e3e701f98531... replay=sha256:296b4817c0511...
[daily] target_date = 2026-06-01
[daily] verify-all-replay FAILED rc=1:
  ❌ 2026-05-22  current=sha256:15ad0d6001fa3... replay=sha256:1c47f28d9ba8c...
  ❌ 2026-05-25  current=sha256:cfb64944485eb... replay=sha256:a1e57253daeeb...
  ❌ 2026-05-26  current=sha256:1e3e701f98531... replay=sha256:296b4817c0511...
  ✅ 2026-05-27  sha256:efcb8980f2cac...
  ✅ 2026-05-28  sha256:9998a63b10b10...
  ✅ 2026-05-29  sha256:984cb221258f0...
  ✅ 2026-06-01  sha256:9392749225d04...

[verify-all] 4/15 dates replay-clean; 11 mismatch(es)
  - 2026-05-08: current=sha256:083e61926e310... replay=sha256:a247a78f81f01...
  - 2026-05-13: current=sha256:f0a49c4a33b3f... replay=sha256:339023efee754...
  - 2026-05-14: current=sha256:5ab82de8c4c6e... replay=sha256:aaee62a23a41f...
  - 2026-05-15: current=sha256:7a7320bd0384c... replay=sha256:9408855bdfe15...
  - 2026-05-17: current=sha256:20c6167e71523... replay=sha256:e84274b44b5fd...
  - 2026-05-18: current=sha256:e76c66cfd08d4... replay=sha256:fe1ae190fa08c...
  - 2026-05-20: current=sha256:50eb30493f787... replay=sha256:6573f93c80ddc...
  - 2026-05-21: current=sha256:7892e9f58823c... replay=sha256:c0f1d8d04d87e...
  - 2026-05-22: current=sha256:15ad0d6001fa3... replay=sha256:1c47f28d9ba8c...
  - 2026-05-25: current=sha256:cfb64944485eb... replay=sha256:a1e57253daeeb...
  - 2026-05-26: current=sha256:1e3e701f98531... replay=sha256:296b4817c0511...
[daily] target_date = 2026-06-03
[daily] verify-all-replay FAILED rc=1:
  ❌ 2026-05-29  current=sha256:984cb221258f0... replay=sha256:a936976bbfb29...
  ❌ 2026-06-01  current=sha256:99ba3da5e0bb7... replay=sha256:aa77e8dda77af...
  ✅ 2026-06-02  sha256:8a52ff4547482...
  ✅ 2026-06-03  sha256:d0888d0a99706...

[verify-all] 3/17 dates replay-clean; 14 mismatch(es)
  - 2026-05-08: current=sha256:083e61926e310... replay=sha256:a247a78f81f01...
  - 2026-05-13: current=sha256:f0a49c4a33b3f... replay=sha256:339023efee754...
  - 2026-05-14: current=sha256:5ab82de8c4c6e... replay=sha256:aaee62a23a41f...
  - 2026-05-15: current=sha256:7a7320bd0384c... replay=sha256:9408855bdfe15...
  - 2026-05-17: current=sha256:20c6167e71523... replay=sha256:e84274b44b5fd...
  - 2026-05-18: current=sha256:e76c66cfd08d4... replay=sha256:fe1ae190fa08c...
  - 2026-05-20: current=sha256:50eb30493f787... replay=sha256:6573f93c80ddc...
  - 2026-05-21: current=sha256:7892e9f58823c... replay=sha256:c0f1d8d04d87e...
  - 2026-05-22: current=sha256:15ad0d6001fa3... replay=sha256:1c47f28d9ba8c...
  - 2026-05-25: current=sha256:cfb64944485eb... replay=sha256:a1e57253daeeb...
  - 2026-05-26: current=sha256:1e3e701f98531... replay=sha256:3a0f7c54c4c17...
  - 2026-05-28: current=sha256:9998a63b10b10... replay=sha256:ab23809bdf6bf...
  - 2026-05-29: current=sha256:984cb221258f0... replay=sha256:a936976bbfb29...
  - 2026-06-01: current=sha256:99ba3da5e0bb7... replay=sha256:aa77e8dda77af...
